{"trace_id": "TRACE_TEST", "timestamp": "2026-05-08T07:24:42.661022", "stage": "truth", "verdict": "SUCCESS", "hash": "97e1350a1b6bbfb4665b0b8766b7980a205217a4ac6c03bab9fff39c83504259"}
{"trace_id": "TRACE_TEST2", "timestamp": "2026-05-08T08:24:26.839426", "stage": "truth", "verdict": "SUCCESS", "hash": "179f849cfd4e04cbc680a4c8db7255aad8cf1b71850e8072658c60300eac8b5b"}
{"trace_id": "TRACE_REPLAY1", "timestamp": "2026-05-08T08:31:51.931279", "stage": "truth", "verdict": "SUCCESS", "hash": "7c0fd94da26c78984f90c42bafe6b2605d42691bf583410f42f9f0ca365b606d"}
{"trace_id": "TRACE_REPLAY2", "timestamp": "2026-05-08T08:35:14.163434", "stage": "truth", "verdict": "SUCCESS", "hash": "ce7b5ce7144e017e2a6de336b9b3260d39bdb93332685ace2fa4e6c2f16a0d5e"}
{"trace_id": "TRACE_REPLAY2", "timestamp": "2026-05-08T08:35:19.617939", "stage": "replay", "verdict": "SUCCESS", "hash": "ce7b5ce7144e017e2a6de336b9b3260d39bdb93332685ace2fa4e6c2f16a0d5e"}
{"trace_id": "TRACE_REPLAY2", "timestamp": "2026-05-08T08:35:41.580344", "stage": "truth", "verdict": "SUCCESS", "hash": "ce7b5ce7144e017e2a6de336b9b3260d39bdb93332685ace2fa4e6c2f16a0d5e"}
{"trace_id": "TRACE_REPLAY2", "timestamp": "2026-05-08T08:35:46.543469", "stage": "replay", "verdict": "SUCCESS", "hash": "ce7b5ce7144e017e2a6de336b9b3260d39bdb93332685ace2fa4e6c2f16a0d5e"}
{"trace_id": "TRACE_TEST3", "timestamp": "2026-05-08T09:13:05.995148", "stage": "truth", "verdict": "SUCCESS", "hash": "35803c03d84b19ffdd415927c8be64c098624482af2795ba377df7c83a22fec6"}
{"trace_id": "TRACE_TEST3", "timestamp": "2026-05-08T09:13:13.355939", "stage": "replay", "verdict": "SUCCESS", "hash": "35803c03d84b19ffdd415927c8be64c098624482af2795ba377df7c83a22fec6"}
{"trace_id": "TRACE_TEST4", "timestamp": "2026-05-08T09:13:52.718018", "stage": "truth", "verdict": "SUCCESS", "hash": "827769be0d89f8c0620b005c05203e855ac1ec7d548d3615781db3c2d74d86ae"}
{"trace_id": "TRACE_TEST4", "timestamp": "2026-05-08T09:13:58.353180", "stage": "replay", "verdict": "SUCCESS", "hash": "827769be0d89f8c0620b005c05203e855ac1ec7d548d3615781db3c2d74d86ae"}
{"trace_id": "API_TEST", "timestamp": "2026-05-08T09:33:09.778953", "stage": "truth", "verdict": "SUCCESS", "hash": "315326509468db401eb6fe1158799c3be942924b5b76d999bbb4da5117bc4c80"}
{"trace_id": "API_TEST", "timestamp": "2026-05-08T09:33:19.846614", "stage": "replay", "verdict": "SUCCESS", "hash": "315326509468db401eb6fe1158799c3be942924b5b76d999bbb4da5117bc4c80"}
{"trace_id": "TRACE_123", "stage": "sanskar", "event": "stage_exit", "timestamp": "2026-05-11T18:42:35.567147Z", "latency_ms": 44021.77, "contract_version": "v1", "replay_mode": false, "decision_state": "AMBIGUOUS", "success": true}
{"trace_id": "TRACE_123", "stage": "core", "event": "stage_exit", "timestamp": "2026-05-11T18:42:35.578021Z", "latency_ms": 5.92, "contract_version": "v1", "replay_mode": false, "decision_state": "AMBIGUOUS", "success": true}
{"trace_id": "TRACE_123", "stage": "enforcement", "event": "stage_exit", "timestamp": "2026-05-11T18:42:35.585721Z", "latency_ms": 5.98, "contract_version": "v1", "replay_mode": false, "decision_state": "AMBIGUOUS", "success": true}
{"trace_id": "TRACE_FAIL_001", "stage": "tantra-input", "event": "error", "timestamp": "2026-05-11T18:42:35.631525Z", "error_code": "INVALID_SIGNAL", "error_message": "Signal missing in input contract", "contract_version": "v1"}
{"trace_id": "TRACE_FAIL_002", "stage": "sanskar", "event": "stage_exit", "timestamp": "2026-05-11T18:42:35.641905Z", "latency_ms": 0.01, "contract_version": "v1", "replay_mode": false, "decision_state": "UNKNOWN", "success": false}
{"trace_id": "TRACE_FAIL_002", "stage": "sanskar", "event": "error", "timestamp": "2026-05-11T18:42:35.646049Z", "error_code": "MISSING_DATASET", "error_message": "Signal present but dataset path missing", "contract_version": "v1"}
{"trace_id": "UNKNOWN", "stage": "tantra-input", "event": "error", "timestamp": "2026-05-11T18:42:35.652898Z", "error_code": "MISSING_TRACE_ID", "error_message": "trace_id missing from input contract", "contract_version": "v1"}
{"trace_id": "TRACE_123", "stage": "sanskar", "event": "stage_exit", "timestamp": "2026-05-11T18:43:21.203115Z", "latency_ms": 45531.93, "contract_version": "v1", "replay_mode": false, "decision_state": "AMBIGUOUS", "success": true}
{"trace_id": "TRACE_123", "stage": "core", "event": "stage_exit", "timestamp": "2026-05-11T18:43:21.209901Z", "latency_ms": 1.41, "contract_version": "v1", "replay_mode": false, "decision_state": "AMBIGUOUS", "success": true}
{"trace_id": "TRACE_123", "stage": "enforcement", "event": "stage_exit", "timestamp": "2026-05-11T18:43:21.213508Z", "latency_ms": 0.3, "contract_version": "v1", "replay_mode": false, "decision_state": "AMBIGUOUS", "success": true}
{"trace_id": "DEMO-UNCERTAINTY-001", "stage": "sanskar", "event": "stage_exit", "timestamp": "2026-05-11T18:43:51.319680Z", "latency_ms": 55582.82, "contract_version": "v1", "replay_mode": false, "decision_state": "AMBIGUOUS", "success": true}
{"trace_id": "DEMO-UNCERTAINTY-001", "stage": "core", "event": "stage_exit", "timestamp": "2026-05-11T18:43:51.352263Z", "latency_ms": 14.41, "contract_version": "v1", "replay_mode": false, "decision_state": "AMBIGUOUS", "success": true}
{"trace_id": "DEMO-UNCERTAINTY-001", "stage": "enforcement", "event": "stage_exit", "timestamp": "2026-05-11T18:43:51.366391Z", "latency_ms": 11.04, "contract_version": "v1", "replay_mode": false, "decision_state": "AMBIGUOUS", "success": true}
{"trace_id": "TRACE_123", "stage": "sanskar", "event": "stage_exit", "timestamp": "2026-05-11T18:44:26.429190Z", "latency_ms": 65176.27, "contract_version": "v1", "replay_mode": false, "decision_state": "AMBIGUOUS", "success": true}
{"trace_id": "TRACE_123", "stage": "core", "event": "stage_exit", "timestamp": "2026-05-11T18:44:26.442346Z", "latency_ms": 0.9, "contract_version": "v1", "replay_mode": false, "decision_state": "AMBIGUOUS", "success": true}
{"trace_id": "TRACE_123", "stage": "enforcement", "event": "stage_exit", "timestamp": "2026-05-11T18:44:26.445467Z", "latency_ms": 1.74, "contract_version": "v1", "replay_mode": false, "decision_state": "AMBIGUOUS", "success": true}
{"trace_id": "DEMO-CONFIDENCE-002", "stage": "sanskar", "event": "stage_exit", "timestamp": "2026-05-11T18:44:51.966434Z", "latency_ms": 60542.2, "contract_version": "v1", "replay_mode": false, "decision_state": "AMBIGUOUS", "success": true}
{"trace_id": "DEMO-CONFIDENCE-002", "stage": "core", "event": "stage_exit", "timestamp": "2026-05-11T18:44:51.979668Z", "latency_ms": 5.82, "contract_version": "v1", "replay_mode": false, "decision_state": "AMBIGUOUS", "success": true}
{"trace_id": "DEMO-CONFIDENCE-002", "stage": "enforcement", "event": "stage_exit", "timestamp": "2026-05-11T18:44:51.985334Z", "latency_ms": 4.02, "contract_version": "v1", "replay_mode": false, "decision_state": "AMBIGUOUS", "success": true}
{"trace_id": "TRACE_123", "stage": "sanskar", "event": "stage_exit", "timestamp": "2026-05-11T18:45:05.978315Z", "latency_ms": 39501.31, "contract_version": "v1", "replay_mode": false, "decision_state": "AMBIGUOUS", "success": true}
{"trace_id": "TRACE_123", "stage": "core", "event": "stage_exit", "timestamp": "2026-05-11T18:45:05.981533Z", "latency_ms": 0.41, "contract_version": "v1", "replay_mode": false, "decision_state": "AMBIGUOUS", "success": true}
{"trace_id": "TRACE_123", "stage": "enforcement", "event": "stage_exit", "timestamp": "2026-05-11T18:45:05.984441Z", "latency_ms": 1.57, "contract_version": "v1", "replay_mode": false, "decision_state": "AMBIGUOUS", "success": true}
{"trace_id": "DEMO-COMPARATIVE-003", "stage": "sanskar", "event": "stage_exit", "timestamp": "2026-05-11T18:45:23.295715Z", "latency_ms": 31257.38, "contract_version": "v1", "replay_mode": false, "decision_state": "AMBIGUOUS", "success": true}
{"trace_id": "DEMO-COMPARATIVE-003", "stage": "core", "event": "stage_exit", "timestamp": "2026-05-11T18:45:23.311779Z", "latency_ms": 14.22, "contract_version": "v1", "replay_mode": false, "decision_state": "AMBIGUOUS", "success": true}
{"trace_id": "DEMO-COMPARATIVE-003", "stage": "enforcement", "event": "stage_exit", "timestamp": "2026-05-11T18:45:23.322511Z", "latency_ms": 8.13, "contract_version": "v1", "replay_mode": false, "decision_state": "AMBIGUOUS", "success": true}
{"trace_id": "TRACE_123", "stage": "sanskar", "event": "stage_exit", "timestamp": "2026-05-11T18:45:38.900172Z", "latency_ms": 32894.62, "contract_version": "v1", "replay_mode": false, "decision_state": "AMBIGUOUS", "success": true}
{"trace_id": "TRACE_123", "stage": "core", "event": "stage_exit", "timestamp": "2026-05-11T18:45:38.901598Z", "latency_ms": 0.18, "contract_version": "v1", "replay_mode": false, "decision_state": "AMBIGUOUS", "success": true}
{"trace_id": "TRACE_123", "stage": "enforcement", "event": "stage_exit", "timestamp": "2026-05-11T18:45:38.902754Z", "latency_ms": 0.2, "contract_version": "v1", "replay_mode": false, "decision_state": "AMBIGUOUS", "success": true}
{"trace_id": "DEMO-REPLAY-004", "stage": "sanskar", "event": "stage_exit", "timestamp": "2026-05-11T18:45:52.062826Z", "latency_ms": 28698.02, "contract_version": "v1", "replay_mode": false, "decision_state": "AMBIGUOUS", "success": true}
{"trace_id": "DEMO-REPLAY-004", "stage": "core", "event": "stage_exit", "timestamp": "2026-05-11T18:45:52.072727Z", "latency_ms": 8.28, "contract_version": "v1", "replay_mode": false, "decision_state": "AMBIGUOUS", "success": true}
{"trace_id": "DEMO-REPLAY-004", "stage": "enforcement", "event": "stage_exit", "timestamp": "2026-05-11T18:45:52.080068Z", "latency_ms": 4.74, "contract_version": "v1", "replay_mode": false, "decision_state": "AMBIGUOUS", "success": true}
{"trace_id": "DEMO-REPLAY-004", "stage": "tantra-replay", "event": "error", "timestamp": "2026-05-11T18:45:52.100822Z", "error_code": "REPLAY_VERIFICATION_FAILED", "error_message": "Replay verification failed - event corrupted or not found", "contract_version": "v1"}
{"trace_id": "TRACE_123", "stage": "sanskar", "event": "stage_exit", "timestamp": "2026-05-11T18:46:01.881844Z", "latency_ms": 22967.96, "contract_version": "v1", "replay_mode": false, "decision_state": "AMBIGUOUS", "success": true}
{"trace_id": "TRACE_123", "stage": "core", "event": "stage_exit", "timestamp": "2026-05-11T18:46:01.883202Z", "latency_ms": 0.16, "contract_version": "v1", "replay_mode": false, "decision_state": "AMBIGUOUS", "success": true}
{"trace_id": "TRACE_123", "stage": "enforcement", "event": "stage_exit", "timestamp": "2026-05-11T18:46:01.884037Z", "latency_ms": 0.08, "contract_version": "v1", "replay_mode": false, "decision_state": "AMBIGUOUS", "success": true}
{"trace_id": "DEMO-ACK-005", "stage": "sanskar", "event": "stage_exit", "timestamp": "2026-05-11T18:46:18.025170Z", "latency_ms": 25883.21, "contract_version": "v1", "replay_mode": false, "decision_state": "AMBIGUOUS", "success": true}
{"trace_id": "DEMO-ACK-005", "stage": "core", "event": "stage_exit", "timestamp": "2026-05-11T18:46:18.030700Z", "latency_ms": 4.41, "contract_version": "v1", "replay_mode": false, "decision_state": "AMBIGUOUS", "success": true}
{"trace_id": "DEMO-ACK-005", "stage": "enforcement", "event": "stage_exit", "timestamp": "2026-05-11T18:46:18.035349Z", "latency_ms": 3.66, "contract_version": "v1", "replay_mode": false, "decision_state": "AMBIGUOUS", "success": true}
{"trace_id": "DEMO-OBSERVABILITY-006", "stage": "sanskar", "event": "stage_exit", "timestamp": "2026-05-11T18:46:34.786071Z", "latency_ms": 16734.05, "contract_version": "v1", "replay_mode": false, "decision_state": "AMBIGUOUS", "success": true}
{"trace_id": "DEMO-OBSERVABILITY-006", "stage": "core", "event": "stage_exit", "timestamp": "2026-05-11T18:46:34.791578Z", "latency_ms": 3.68, "contract_version": "v1", "replay_mode": false, "decision_state": "AMBIGUOUS", "success": true}
{"trace_id": "DEMO-OBSERVABILITY-006", "stage": "enforcement", "event": "stage_exit", "timestamp": "2026-05-11T18:46:34.793877Z", "latency_ms": 1.66, "contract_version": "v1", "replay_mode": false, "decision_state": "AMBIGUOUS", "success": true}
{"trace_id": "TRACE-OBS-001", "correlation_id": "04cd80ac-2a5e-40fb-b7d3-9d31f9ea0766", "event": "orchestration_transition", "timestamp": "2026-05-15T12:21:08.385586Z", "from_stage": "input", "to_stage": "sanskar", "transition_type": "normal"}
{"trace_id": "TRACE-OBS-001", "correlation_id": "04cd80ac-2a5e-40fb-b7d3-9d31f9ea0766", "event": "dependency_status", "timestamp": "2026-05-15T12:21:08.388816Z", "dependency_name": "database", "status": "healthy", "details": {"latency_ms": 45}}
{"trace_id": "TRACE-OBS-001", "correlation_id": "04cd80ac-2a5e-40fb-b7d3-9d31f9ea0766", "parent_trace_id": "TRACE-PARENT-001", "stage": "sanskar", "event": "stage_exit", "timestamp": "2026-05-15T12:21:08.491117Z", "latency_ms": 106.07, "contract_version": "v1", "replay_mode": false, "decision_state": "CONFIDENT", "success": true, "dependency_status": "healthy"}
{"trace_id": "TRACE-OBS-001", "correlation_id": "a2d626bd-89d1-4d18-ab97-f8eb95ea5b30", "event": "orchestration_transition", "timestamp": "2026-05-15T12:24:03.716549Z", "from_stage": "input", "to_stage": "sanskar", "transition_type": "normal"}
{"trace_id": "TRACE-OBS-001", "correlation_id": "a2d626bd-89d1-4d18-ab97-f8eb95ea5b30", "event": "dependency_status", "timestamp": "2026-05-15T12:24:03.718421Z", "dependency_name": "database", "status": "healthy", "details": {"latency_ms": 45}}
{"trace_id": "TRACE-OBS-001", "correlation_id": "a2d626bd-89d1-4d18-ab97-f8eb95ea5b30", "parent_trace_id": "TRACE-PARENT-001", "stage": "sanskar", "event": "stage_exit", "timestamp": "2026-05-15T12:24:03.821256Z", "latency_ms": 104.75, "contract_version": "v1", "replay_mode": false, "decision_state": "CONFIDENT", "success": true, "dependency_status": "healthy"}
{"trace_id": "TRACE-OBS-001", "correlation_id": "d316f921-9575-4d82-a41f-798d277260dc", "event": "orchestration_transition", "timestamp": "2026-05-15T12:24:56.567182Z", "from_stage": "input", "to_stage": "sanskar", "transition_type": "normal"}
{"trace_id": "TRACE-OBS-001", "correlation_id": "d2c28eea-076d-497a-aa68-4a4b24656c49", "event": "orchestration_transition", "timestamp": "2026-05-15T12:25:47.873849Z", "from_stage": "input", "to_stage": "sanskar", "transition_type": "normal"}
{"trace_id": "TRACE-OBS-001", "correlation_id": "d2c28eea-076d-497a-aa68-4a4b24656c49", "event": "dependency_status", "timestamp": "2026-05-15T12:25:47.874474Z", "dependency_name": "database", "status": "healthy", "details": {"latency_ms": 45}}
{"trace_id": "TRACE-OBS-001", "correlation_id": "d2c28eea-076d-497a-aa68-4a4b24656c49", "parent_trace_id": "TRACE-PARENT-001", "stage": "sanskar", "event": "stage_exit", "timestamp": "2026-05-15T12:25:47.976549Z", "latency_ms": 101.96, "contract_version": "v1", "replay_mode": false, "decision_state": "CONFIDENT", "success": true, "dependency_status": "healthy"}
{"trace_id": "TRACE-OBS-001", "correlation_id": "565065f1-9f9e-488b-b9aa-7284ef95b26f", "event": "orchestration_transition", "timestamp": "2026-05-15T12:26:17.529382Z", "from_stage": "input", "to_stage": "sanskar", "transition_type": "normal"}
{"trace_id": "TRACE-OBS-001", "correlation_id": "565065f1-9f9e-488b-b9aa-7284ef95b26f", "event": "dependency_status", "timestamp": "2026-05-15T12:26:17.530192Z", "dependency_name": "database", "status": "healthy", "details": {"latency_ms": 45}}
{"trace_id": "TRACE-OBS-001", "correlation_id": "565065f1-9f9e-488b-b9aa-7284ef95b26f", "parent_trace_id": "TRACE-PARENT-001", "stage": "sanskar", "event": "stage_exit", "timestamp": "2026-05-15T12:26:17.631229Z", "latency_ms": 101.82, "contract_version": "v1", "replay_mode": false, "decision_state": "CONFIDENT", "success": true, "dependency_status": "healthy"}
{"trace_id": "DEMO-UNCERTAINTY-001", "correlation_id": "baaef09a-a5ef-4ffc-8bdf-435806967b97", "parent_trace_id": null, "stage": "sanskar", "event": "stage_exit", "timestamp": "2026-05-18T18:55:46.297280Z", "latency_ms": 20203.62, "contract_version": "v1", "replay_mode": false, "decision_state": "AMBIGUOUS", "success": true, "dependency_status": "healthy"}
{"trace_id": "DEMO-UNCERTAINTY-001", "correlation_id": "c0ca04d0-ddb7-4b8a-a4c1-467f462fc7f2", "parent_trace_id": null, "stage": "core", "event": "stage_exit", "timestamp": "2026-05-18T18:55:46.304358Z", "latency_ms": 0.62, "contract_version": "v1", "replay_mode": false, "decision_state": "AMBIGUOUS", "success": true, "dependency_status": "healthy"}
{"trace_id": "DEMO-UNCERTAINTY-001", "correlation_id": "cda3d911-bc4f-43a8-85c9-0cbdddf9e4c9", "parent_trace_id": null, "stage": "enforcement", "event": "stage_exit", "timestamp": "2026-05-18T18:55:46.306220Z", "latency_ms": 0.44, "contract_version": "v1", "replay_mode": false, "decision_state": "AMBIGUOUS", "success": true, "dependency_status": "healthy"}
{"trace_id": "DEMO-UNCERTAINTY-001", "correlation_id": "b374061a-e4ad-4675-8982-7f9223cb2512", "parent_trace_id": null, "stage": "sanskar", "event": "stage_exit", "timestamp": "2026-05-18T18:57:13.072900Z", "latency_ms": 17952.87, "contract_version": "v1", "replay_mode": false, "decision_state": "AMBIGUOUS", "success": true, "dependency_status": "healthy"}
{"trace_id": "DEMO-UNCERTAINTY-001", "correlation_id": "ac30a9f1-b6cb-42a2-b9f5-bcab1d70385c", "parent_trace_id": null, "stage": "core", "event": "stage_exit", "timestamp": "2026-05-18T18:57:13.074507Z", "latency_ms": 0.2, "contract_version": "v1", "replay_mode": false, "decision_state": "AMBIGUOUS", "success": true, "dependency_status": "healthy"}
{"trace_id": "DEMO-UNCERTAINTY-001", "correlation_id": "39b95147-3eed-4257-a90a-72229f06f458", "parent_trace_id": null, "stage": "enforcement", "event": "stage_exit", "timestamp": "2026-05-18T18:57:13.076294Z", "latency_ms": 0.24, "contract_version": "v1", "replay_mode": false, "decision_state": "AMBIGUOUS", "success": true, "dependency_status": "healthy"}
{"trace_id": "DEMO-CONFIDENCE-002", "correlation_id": "c18fd508-f181-47da-ad23-89772f814d02", "parent_trace_id": null, "stage": "sanskar", "event": "stage_exit", "timestamp": "2026-05-18T18:57:30.821171Z", "latency_ms": 17740.97, "contract_version": "v1", "replay_mode": false, "decision_state": "AMBIGUOUS", "success": true, "dependency_status": "healthy"}
{"trace_id": "DEMO-CONFIDENCE-002", "correlation_id": "ee088193-023b-4faf-9250-e497ffccef7f", "parent_trace_id": null, "stage": "core", "event": "stage_exit", "timestamp": "2026-05-18T18:57:30.823535Z", "latency_ms": 0.21, "contract_version": "v1", "replay_mode": false, "decision_state": "AMBIGUOUS", "success": true, "dependency_status": "healthy"}
{"trace_id": "DEMO-CONFIDENCE-002", "correlation_id": "a01c5f98-c678-45aa-8461-0c33ea163d5c", "parent_trace_id": null, "stage": "enforcement", "event": "stage_exit", "timestamp": "2026-05-18T18:57:30.824479Z", "latency_ms": 0.13, "contract_version": "v1", "replay_mode": false, "decision_state": "AMBIGUOUS", "success": true, "dependency_status": "healthy"}
{"trace_id": "DEMO-UNCERTAINTY-001", "correlation_id": "7effb229-6945-42b2-b3fd-5d2b3013ebaf", "parent_trace_id": null, "stage": "sanskar", "event": "stage_exit", "timestamp": "2026-05-18T18:58:53.324520Z", "latency_ms": 18049.99, "contract_version": "v1", "replay_mode": false, "decision_state": "AMBIGUOUS", "success": true, "dependency_status": "healthy"}
{"trace_id": "DEMO-UNCERTAINTY-001", "correlation_id": "423c1790-3061-4936-b7e7-ea483ec349a6", "parent_trace_id": null, "stage": "core", "event": "stage_exit", "timestamp": "2026-05-18T18:58:53.326144Z", "latency_ms": 0.2, "contract_version": "v1", "replay_mode": false, "decision_state": "AMBIGUOUS", "success": true, "dependency_status": "healthy"}
{"trace_id": "DEMO-UNCERTAINTY-001", "correlation_id": "62861127-6322-4b6c-9977-0520b83ae534", "parent_trace_id": null, "stage": "enforcement", "event": "stage_exit", "timestamp": "2026-05-18T18:58:53.327077Z", "latency_ms": 0.15, "contract_version": "v1", "replay_mode": false, "decision_state": "AMBIGUOUS", "success": true, "dependency_status": "healthy"}
{"trace_id": "DEMO-CONFIDENCE-002", "correlation_id": "906ede71-aa51-4c66-bd74-7bcb76957baf", "parent_trace_id": null, "stage": "sanskar", "event": "stage_exit", "timestamp": "2026-05-18T18:59:10.505615Z", "latency_ms": 17174.09, "contract_version": "v1", "replay_mode": false, "decision_state": "AMBIGUOUS", "success": true, "dependency_status": "healthy"}
{"trace_id": "DEMO-CONFIDENCE-002", "correlation_id": "7f94be73-5a3d-4851-9aa3-8a1ec755d819", "parent_trace_id": null, "stage": "core", "event": "stage_exit", "timestamp": "2026-05-18T18:59:10.507054Z", "latency_ms": 0.18, "contract_version": "v1", "replay_mode": false, "decision_state": "AMBIGUOUS", "success": true, "dependency_status": "healthy"}
{"trace_id": "DEMO-CONFIDENCE-002", "correlation_id": "a1b683e3-535e-4cff-acf8-1662e390c656", "parent_trace_id": null, "stage": "enforcement", "event": "stage_exit", "timestamp": "2026-05-18T18:59:10.508835Z", "latency_ms": 0.2, "contract_version": "v1", "replay_mode": false, "decision_state": "AMBIGUOUS", "success": true, "dependency_status": "healthy"}
{"trace_id": "DEMO-COMPARATIVE-003", "correlation_id": "6507ee36-d2c9-4c1d-9462-a9d1051212b3", "parent_trace_id": null, "stage": "sanskar", "event": "stage_exit", "timestamp": "2026-05-18T18:59:27.506439Z", "latency_ms": 16992.47, "contract_version": "v1", "replay_mode": false, "decision_state": "AMBIGUOUS", "success": true, "dependency_status": "healthy"}
{"trace_id": "DEMO-COMPARATIVE-003", "correlation_id": "ea019969-f55f-4372-bbd2-7b934c622d1a", "parent_trace_id": null, "stage": "core", "event": "stage_exit", "timestamp": "2026-05-18T18:59:27.508785Z", "latency_ms": 0.29, "contract_version": "v1", "replay_mode": false, "decision_state": "AMBIGUOUS", "success": true, "dependency_status": "healthy"}
{"trace_id": "DEMO-COMPARATIVE-003", "correlation_id": "f5551c48-0553-4168-a618-4d632ad19887", "parent_trace_id": null, "stage": "enforcement", "event": "stage_exit", "timestamp": "2026-05-18T18:59:27.510716Z", "latency_ms": 0.24, "contract_version": "v1", "replay_mode": false, "decision_state": "AMBIGUOUS", "success": true, "dependency_status": "healthy"}
{"trace_id": "DEMO-REPLAY-004", "correlation_id": "e8ddd797-10a6-4422-81e8-a42c7e7e7ddd", "parent_trace_id": null, "stage": "sanskar", "event": "stage_exit", "timestamp": "2026-05-18T18:59:47.482715Z", "latency_ms": 19966.59, "contract_version": "v1", "replay_mode": false, "decision_state": "AMBIGUOUS", "success": true, "dependency_status": "healthy"}
{"trace_id": "DEMO-REPLAY-004", "correlation_id": "47994e3f-6138-41a1-80cd-5bcba0ee113c", "parent_trace_id": null, "stage": "core", "event": "stage_exit", "timestamp": "2026-05-18T18:59:47.484353Z", "latency_ms": 0.24, "contract_version": "v1", "replay_mode": false, "decision_state": "AMBIGUOUS", "success": true, "dependency_status": "healthy"}
{"trace_id": "DEMO-REPLAY-004", "correlation_id": "b823631d-e5da-4b45-a846-b3d33018e1a1", "parent_trace_id": null, "stage": "enforcement", "event": "stage_exit", "timestamp": "2026-05-18T18:59:47.486622Z", "latency_ms": 0.22, "contract_version": "v1", "replay_mode": false, "decision_state": "AMBIGUOUS", "success": true, "dependency_status": "healthy"}
{"trace_id": "DEMO-REPLAY-004", "correlation_id": "b3ed197f-eb52-4899-a67e-12dace5daabc", "parent_trace_id": null, "stage": "sanskar", "event": "stage_exit", "timestamp": "2026-05-18T19:00:06.637091Z", "latency_ms": 19143.54, "contract_version": "v1", "replay_mode": true, "decision_state": "AMBIGUOUS", "success": true, "dependency_status": "healthy"}
{"trace_id": "DEMO-REPLAY-004", "correlation_id": "92099df0-a965-40fa-955e-a51824e9b634", "parent_trace_id": null, "stage": "core", "event": "stage_exit", "timestamp": "2026-05-18T19:00:06.638757Z", "latency_ms": 0.2, "contract_version": "v1", "replay_mode": true, "decision_state": "AMBIGUOUS", "success": true, "dependency_status": "healthy"}
{"trace_id": "DEMO-REPLAY-004", "correlation_id": "7822583b-85be-4720-ac26-4e6ca5c24eeb", "parent_trace_id": null, "stage": "enforcement", "event": "stage_exit", "timestamp": "2026-05-18T19:00:06.640238Z", "latency_ms": 0.22, "contract_version": "v1", "replay_mode": true, "decision_state": "AMBIGUOUS", "success": true, "dependency_status": "healthy"}
{"trace_id": "TRACE_123", "correlation_id": "c9d57db0-3350-47f3-8f51-805dda745958", "parent_trace_id": null, "stage": "sanskar", "event": "stage_exit", "timestamp": "2026-05-18T19:01:04.391776Z", "latency_ms": 17960.15, "contract_version": "v1", "replay_mode": false, "decision_state": "AMBIGUOUS", "success": true, "dependency_status": "healthy"}
{"trace_id": "TRACE_123", "correlation_id": "782e1df7-6a9f-4030-ae77-77bfa7e6124a", "parent_trace_id": null, "stage": "core", "event": "stage_exit", "timestamp": "2026-05-18T19:01:04.397559Z", "latency_ms": 4.47, "contract_version": "v1", "replay_mode": false, "decision_state": "AMBIGUOUS", "success": true, "dependency_status": "healthy"}
{"trace_id": "TRACE_123", "correlation_id": "6db5eb7d-ba49-40dc-9be7-ac74d66b2c57", "parent_trace_id": null, "stage": "enforcement", "event": "stage_exit", "timestamp": "2026-05-18T19:01:04.403170Z", "latency_ms": 4.01, "contract_version": "v1", "replay_mode": false, "decision_state": "AMBIGUOUS", "success": true, "dependency_status": "healthy"}
{"trace_id": "TRACE_FAIL_001", "correlation_id": "986e3f2e-231b-4027-a021-bbc85bbfe095", "parent_trace_id": null, "stage": "tantra-input", "event": "error", "timestamp": "2026-05-18T19:01:04.436718Z", "error_code": "INVALID_SIGNAL", "error_message": "Signal missing in input contract", "contract_version": "v1"}
{"trace_id": "TRACE_FAIL_002", "correlation_id": "f9717a9e-746d-4c31-80dc-554b4a9461b9", "parent_trace_id": null, "stage": "sanskar", "event": "stage_exit", "timestamp": "2026-05-18T19:01:04.442128Z", "latency_ms": 0.01, "contract_version": "v1", "replay_mode": false, "decision_state": "UNKNOWN", "success": false, "dependency_status": "healthy"}
{"trace_id": "TRACE_FAIL_002", "correlation_id": "a47880f1-a0fd-4227-acb4-b476bf6fa86b", "parent_trace_id": null, "stage": "sanskar", "event": "error", "timestamp": "2026-05-18T19:01:04.446218Z", "error_code": "MISSING_DATASET", "error_message": "Signal present but dataset path missing", "contract_version": "v1"}
{"trace_id": "UNKNOWN", "correlation_id": "48835d70-11c5-4f7e-917f-7cee46b42fc7", "parent_trace_id": null, "stage": "tantra-input", "event": "error", "timestamp": "2026-05-18T19:01:04.450732Z", "error_code": "MISSING_TRACE_ID", "error_message": "trace_id missing from input contract", "contract_version": "v1"}
{"trace_id": "TRACE_123", "correlation_id": "c5f0ac03-ccbf-49e3-a4e5-42671d65c338", "parent_trace_id": null, "stage": "sanskar", "event": "stage_exit", "timestamp": "2026-05-18T19:01:22.914337Z", "latency_ms": 18450.12, "contract_version": "v1", "replay_mode": false, "decision_state": "AMBIGUOUS", "success": true, "dependency_status": "healthy"}
{"trace_id": "TRACE_123", "correlation_id": "e392fdd5-568f-4c83-90c0-3338626b7d9e", "parent_trace_id": null, "stage": "core", "event": "stage_exit", "timestamp": "2026-05-18T19:01:22.916727Z", "latency_ms": 0.23, "contract_version": "v1", "replay_mode": false, "decision_state": "AMBIGUOUS", "success": true, "dependency_status": "healthy"}
{"trace_id": "TRACE_123", "correlation_id": "10bcd3aa-7542-496a-aef1-e26264644d0e", "parent_trace_id": null, "stage": "enforcement", "event": "stage_exit", "timestamp": "2026-05-18T19:01:22.919494Z", "latency_ms": 0.19, "contract_version": "v1", "replay_mode": false, "decision_state": "AMBIGUOUS", "success": true, "dependency_status": "healthy"}
